<?xml version="1.0" encoding="UTF-8"?>
<testng-results skipped="0" failed="0" ignored="0" total="1" passed="1">
  <reporter-output>
  </reporter-output>
  <suite name="Default suite" duration-ms="17032" started-at="2021-01-28T11:52:36 IST" finished-at="2021-01-28T11:52:53 IST">
    <groups>
    </groups>
    <test name="Default test" duration-ms="17032" started-at="2021-01-28T11:52:36 IST" finished-at="2021-01-28T11:52:53 IST">
      <class name="SortingDDalphabetically.Downloading">
        <test-method status="PASS" signature="setUp()[pri:0, instance:SortingDDalphabetically.Downloading@480bdb19]" name="setUp" is-config="true" duration-ms="6399" started-at="2021-01-28T11:52:36 IST" finished-at="2021-01-28T11:52:42 IST">
          <reporter-output>
          </reporter-output>
        </test-method> <!-- setUp -->
        <test-method status="PASS" signature="fileDownload()[pri:0, instance:SortingDDalphabetically.Downloading@480bdb19]" name="fileDownload" duration-ms="10240" started-at="2021-01-28T11:52:42 IST" finished-at="2021-01-28T11:52:53 IST">
          <reporter-output>
          </reporter-output>
        </test-method> <!-- fileDownload -->
        <test-method status="PASS" signature="tearDown()[pri:0, instance:SortingDDalphabetically.Downloading@480bdb19]" name="tearDown" is-config="true" duration-ms="307" started-at="2021-01-28T11:52:53 IST" finished-at="2021-01-28T11:52:53 IST">
          <reporter-output>
          </reporter-output>
        </test-method> <!-- tearDown -->
      </class> <!-- SortingDDalphabetically.Downloading -->
    </test> <!-- Default test -->
  </suite> <!-- Default suite -->
</testng-results>
